<?xml version="1.0" encoding="UTF-8" standalone="yes"?>
<!DOCTYPE report PUBLIC "-//JACOCO//DTD Report 1.1//EN" "report.dtd">
<!--
  Paired with duplicate-b.xml: both declare com/example/Dup.java. Binding two
  such reports to the SAME module must be rejected (exit 3, D-16) rather than
  counter-merged.
-->
<report name="duplicate-a-fixture">
  <package name="com/example">
    <sourcefile name="Dup.java">
      <line nr="5" mi="0" ci="2"/>
      <counter type="LINE" missed="0" covered="1"/>
    </sourcefile>
  </package>
</report>
